<?xml version="1.0" encoding="UTF-8"?>
<!-- Generated by org.testng.reporters.JUnitReportReporter -->
<testsuite hostname="pc-PC" name="TestPackage.FirstClass" tests="1" failures="0" timestamp="27 May 2021 05:20:44 GMT" time="0.048" errors="0">
  <testcase name="firstTestCase" time="0.048" classname="TestPackage.FirstClass"/>
</testsuite> <!-- TestPackage.FirstClass -->
