<?xml version="1.0" encoding="UTF-8"?>
<!-- Generated by org.testng.reporters.JUnitReportReporter -->
<testsuite hostname="pc-PC" name="TestNGPackage.Priority" tests="5" failures="0" timestamp="29 May 2021 03:35:31 GMT" time="0.019" errors="0">
  <testcase name="fifth" time="0.001" classname="TestNGPackage.Priority"/>
  <testcase name="third" time="0.005" classname="TestNGPackage.Priority"/>
  <testcase name="fourth" time="0.004" classname="TestNGPackage.Priority"/>
  <testcase name="second" time="0.004" classname="TestNGPackage.Priority"/>
  <testcase name="first" time="0.005" classname="TestNGPackage.Priority"/>
</testsuite> <!-- TestNGPackage.Priority -->
