<?xml version="1.0" encoding="UTF-8"?>
<!-- Generated by org.testng.reporters.JUnitReportReporter -->
<testsuite hostname="pc-PC" name="TestNGPackage.SecondTest" tests="5" failures="0" timestamp="28 May 2021 03:22:08 GMT" time="0.038" errors="0">
  <testcase name="second" time="0.003" classname="TestNGPackage.SecondTest"/>
  <testcase name="fifth" time="0.025" classname="TestNGPackage.SecondTest"/>
  <testcase name="first" time="0.004" classname="TestNGPackage.SecondTest"/>
  <testcase name="fourth" time="0.003" classname="TestNGPackage.SecondTest"/>
  <testcase name="third" time="0.003" classname="TestNGPackage.SecondTest"/>
</testsuite> <!-- TestNGPackage.SecondTest -->
