<?xml version="1.0" encoding="UTF-8"?>
<!-- Generated by org.testng.reporters.JUnitReportReporter -->
<testsuite hostname="pc-PC" name="TestNGPackage.DependOnMethods" tests="6" failures="0" timestamp="28 May 2021 03:55:53 GMT" time="0.050" errors="0">
  <testcase name="login" time="0.028" classname="TestNGPackage.DependOnMethods"/>
  <testcase name="purchase" time="0.003" classname="TestNGPackage.DependOnMethods"/>
  <testcase name="amountTransafer" time="0.003" classname="TestNGPackage.DependOnMethods"/>
  <testcase name="reportGenerGenerte" time="0.003" classname="TestNGPackage.DependOnMethods"/>
  <testcase name="serachProduct" time="0.004" classname="TestNGPackage.DependOnMethods"/>
  <testcase name="logout" time="0.009" classname="TestNGPackage.DependOnMethods"/>
</testsuite> <!-- TestNGPackage.DependOnMethods -->
