<?xml version="1.0" encoding="UTF-8"?>
<!-- Generated by org.testng.reporters.JUnitReportReporter -->
<testsuite hostname="pc-PC" name="TestNGPackage.Testcases" tests="2" failures="0" timestamp="29 May 2021 03:09:47 GMT" time="0.017" errors="0">
  <testcase name="test1" time="0.012" classname="TestNGPackage.Testcases"/>
  <testcase name="test2" time="0.005" classname="TestNGPackage.Testcases"/>
</testsuite> <!-- TestNGPackage.Testcases -->
