<?xml version="1.0" encoding="UTF-8"?>
<!-- Generated by org.testng.reporters.JUnitReportReporter -->
<testsuite hostname="pc-PC" name="TestNGPackage.Annotations" tests="1" failures="0" timestamp="29 May 2021 03:04:58 GMT" time="0.009" errors="0">
  <testcase name="test" time="0.009" classname="TestNGPackage.Annotations"/>
</testsuite> <!-- TestNGPackage.Annotations -->
