<?xml version="1.0" encoding="UTF-8"?>
<!-- Generated by org.testng.reporters.JUnitReportReporter -->
<testsuite hostname="pc-PC" name="TestNGPackage.Calculator" tests="4" failures="0" timestamp="29 May 2021 03:35:31 GMT" time="5.944" errors="0">
  <testcase name="Multiplication" time="1.955" classname="TestNGPackage.Calculator"/>
  <testcase name="Division" time="0.917" classname="TestNGPackage.Calculator"/>
  <testcase name="Subtraction" time="1.989" classname="TestNGPackage.Calculator"/>
  <testcase name="addition2" time="1.083" classname="TestNGPackage.Calculator"/>
</testsuite> <!-- TestNGPackage.Calculator -->
